The following packages should be updated for best compatibility with the installed expo version:
  @expo/vector-icons@14.1.0 - expected version: ^15.0.3
  @react-native-async-storage/async-storage@2.1.2 - expected version: 2.2.0
  expo@54.0.15 - expected version: ~54.0.25
  expo-av@15.0.2 - expected version: ~16.0.7
  expo-background-fetch@13.0.6 - expected version: ~14.0.8
  expo-constants@17.0.8 - expected version: ~18.0.10
  expo-font@13.0.4 - expected version: ~14.0.9
  expo-image@2.0.7 - expected version: ~3.0.10
  expo-linking@7.0.5 - expected version: ~8.0.9
  expo-notifications@0.30.7 - expected version: ~0.32.13
  expo-router@5.0.7 - expected version: ~6.0.15
  expo-secure-store@14.0.1 - expected version: ~15.0.7
  expo-splash-screen@0.29.24 - expected version: ~31.0.11
  expo-status-bar@2.0.1 - expected version: ~3.0.8
  expo-system-ui@5.0.11 - expected version: ~6.0.8
  expo-task-manager@13.0.0 - expected version: ~14.0.8
  react@19.0.0 - expected version: 19.1.0
  react-dom@19.0.0 - expected version: 19.1.0
  react-native@0.79.6 - expected version: 0.81.5
  react-native-gesture-handler@2.24.0 - expected version: ~2.28.0
  react-native-reanimated@3.17.5 - expected version: ~4.1.1
  react-native-safe-area-context@5.4.0 - expected version: ~5.6.0
  react-native-screens@4.11.1 - expected version: ~4.16.0
  react-native-web@0.20.0 - expected version: ^0.21.0
  @types/react@19.0.14 - expected version: ~19.1.10
  eslint-config-expo@9.2.0 - expected version: ~10.0.0
  typescript@5.8.3 - expected version: ~5.9.2
Your project may not work correctly until you install the expected versions of the packages.
^C